<?xml version="1.0" encoding="UTF-8"?>
<testng-results skipped="1" failed="1" ignored="0" total="12" passed="10">
  <reporter-output>
  </reporter-output>
  <suite name="ZOHO CRM Application Test Automation Test Suite" duration-ms="225386" started-at="2018-03-26T09:30:34Z" finished-at="2018-03-26T09:34:19Z">
    <groups>
    </groups>
    <test name="ZOHO CRM App Test Cases" duration-ms="225386" started-at="2018-03-26T09:30:34Z" finished-at="2018-03-26T09:34:19Z">
      <class name="com.zoho.qa.testcases.ContactsPageTest">
        <test-method status="SKIP" signature="validateNewContactCreationTest(java.lang.String, java.lang.String, java.lang.String)[pri:1, instance:com.zoho.qa.testcases.ContactsPageTest@5bcab519]" name="validateNewContactCreationTest" duration-ms="0" started-at="2018-03-26T15:01:39Z" data-provider="getZohoCrmData" finished-at="2018-03-26T15:01:39Z">
          <exception class="java.lang.RuntimeException">
            <message>
              <![CDATA[java.lang.NullPointerException]]>
            </message>
            <full-stacktrace>
              <![CDATA[java.lang.RuntimeException: java.lang.NullPointerException
	at org.testng.internal.MethodInvocationHelper.invokeMethodNoCheckedException(MethodInvocationHelper.java:49)
	at org.testng.internal.MethodInvocationHelper.invokeDataProvider(MethodInvocationHelper.java:115)
	at org.testng.internal.Parameters.handleParameters(Parameters.java:509)
	at org.testng.internal.Invoker.handleParameters(Invoker.java:1308)
	at org.testng.internal.Invoker.createParameters(Invoker.java:1036)
	at org.testng.internal.Invoker.invokeTestMethods(Invoker.java:1126)
	at org.testng.internal.TestMethodWorker.invokeTestMethods(TestMethodWorker.java:126)
	at org.testng.internal.TestMethodWorker.run(TestMethodWorker.java:109)
	at org.testng.TestRunner.privateRun(TestRunner.java:744)
	at org.testng.TestRunner.run(TestRunner.java:602)
	at org.testng.SuiteRunner.runTest(SuiteRunner.java:380)
	at org.testng.SuiteRunner.runSequentially(SuiteRunner.java:375)
	at org.testng.SuiteRunner.privateRun(SuiteRunner.java:340)
	at org.testng.SuiteRunner.run(SuiteRunner.java:289)
	at org.testng.SuiteRunnerWorker.runSuite(SuiteRunnerWorker.java:52)
	at org.testng.SuiteRunnerWorker.run(SuiteRunnerWorker.java:86)
	at org.testng.TestNG.runSuitesSequentially(TestNG.java:1301)
	at org.testng.TestNG.runSuitesLocally(TestNG.java:1226)
	at org.testng.TestNG.runSuites(TestNG.java:1144)
	at org.testng.TestNG.run(TestNG.java:1115)
	at org.testng.remote.AbstractRemoteTestNG.run(AbstractRemoteTestNG.java:114)
	at org.testng.remote.RemoteTestNG.initAndRun(RemoteTestNG.java:251)
	at org.testng.remote.RemoteTestNG.main(RemoteTestNG.java:77)
Caused by: java.lang.NullPointerException
	at com.zoho.qa.util.TestUtil.getTestData(TestUtil.java:61)
	at com.zoho.qa.testcases.ContactsPageTest.getZohoCrmData(ContactsPageTest.java:39)
	at sun.reflect.NativeMethodAccessorImpl.invoke0(Native Method)
	at sun.reflect.NativeMethodAccessorImpl.invoke(NativeMethodAccessorImpl.java:62)
	at sun.reflect.DelegatingMethodAccessorImpl.invoke(DelegatingMethodAccessorImpl.java:43)
	at java.lang.reflect.Method.invoke(Method.java:498)
	at org.testng.internal.MethodInvocationHelper.invokeMethod(MethodInvocationHelper.java:108)
	at org.testng.internal.MethodInvocationHelper.invokeMethod(MethodInvocationHelper.java:55)
	at org.testng.internal.MethodInvocationHelper.invokeMethodNoCheckedException(MethodInvocationHelper.java:45)
	... 22 more
]]>
            </full-stacktrace>
          </exception> <!-- java.lang.RuntimeException -->
          <reporter-output>
          </reporter-output>
        </test-method> <!-- validateNewContactCreationTest -->
      </class> <!-- com.zoho.qa.testcases.ContactsPageTest -->
      <class name="com.zoho.qa.testcases.LeadsPageTest">
        <test-method status="PASS" signature="setUp()[pri:0, instance:com.zoho.qa.testcases.LeadsPageTest@6fd02e5]" name="setUp" is-config="true" duration-ms="25469" started-at="2018-03-26T15:01:12Z" finished-at="2018-03-26T15:01:37Z">
          <reporter-output>
          </reporter-output>
        </test-method> <!-- setUp -->
        <test-method status="PASS" signature="verifyLeadsPageTitleTest()[pri:1, instance:com.zoho.qa.testcases.LeadsPageTest@6fd02e5]" name="verifyLeadsPageTitleTest" duration-ms="8" started-at="2018-03-26T15:01:37Z" finished-at="2018-03-26T15:01:37Z">
          <reporter-output>
          </reporter-output>
        </test-method> <!-- verifyLeadsPageTitleTest -->
        <test-method status="PASS" signature="tearDown()[pri:0, instance:com.zoho.qa.testcases.LeadsPageTest@6fd02e5]" name="tearDown" is-config="true" duration-ms="2071" started-at="2018-03-26T15:01:37Z" finished-at="2018-03-26T15:01:39Z">
          <reporter-output>
          </reporter-output>
        </test-method> <!-- tearDown -->
        <test-method status="PASS" signature="setUp()[pri:0, instance:com.zoho.qa.testcases.LeadsPageTest@6fd02e5]" name="setUp" is-config="true" duration-ms="26740" started-at="2018-03-26T15:02:13Z" finished-at="2018-03-26T15:02:40Z">
          <reporter-output>
          </reporter-output>
        </test-method> <!-- setUp -->
        <test-method status="PASS" signature="selectLeadNameTest()[pri:2, instance:com.zoho.qa.testcases.LeadsPageTest@6fd02e5]" name="selectLeadNameTest" duration-ms="1313" started-at="2018-03-26T15:02:40Z" finished-at="2018-03-26T15:02:41Z">
          <reporter-output>
          </reporter-output>
        </test-method> <!-- selectLeadNameTest -->
        <test-method status="PASS" signature="tearDown()[pri:0, instance:com.zoho.qa.testcases.LeadsPageTest@6fd02e5]" name="tearDown" is-config="true" duration-ms="2069" started-at="2018-03-26T15:02:41Z" finished-at="2018-03-26T15:02:43Z">
          <reporter-output>
          </reporter-output>
        </test-method> <!-- tearDown -->
      </class> <!-- com.zoho.qa.testcases.LeadsPageTest -->
      <class name="com.zoho.qa.testcases.HomePageTest">
        <test-method status="PASS" signature="setUp()[pri:0, instance:com.zoho.qa.testcases.HomePageTest@5700d6b1]" name="setUp" is-config="true" duration-ms="7179" started-at="2018-03-26T15:00:44Z" finished-at="2018-03-26T15:00:51Z">
          <reporter-output>
          </reporter-output>
        </test-method> <!-- setUp -->
        <test-method status="PASS" signature="verifyHomePageTitleTest()[pri:1, instance:com.zoho.qa.testcases.HomePageTest@5700d6b1]" name="verifyHomePageTitleTest" duration-ms="18480" started-at="2018-03-26T15:00:51Z" finished-at="2018-03-26T15:01:10Z">
          <reporter-output>
          </reporter-output>
        </test-method> <!-- verifyHomePageTitleTest -->
        <test-method status="PASS" signature="tearDown()[pri:0, instance:com.zoho.qa.testcases.HomePageTest@5700d6b1]" name="tearDown" is-config="true" duration-ms="2068" started-at="2018-03-26T15:01:10Z" finished-at="2018-03-26T15:01:12Z">
          <reporter-output>
          </reporter-output>
        </test-method> <!-- tearDown -->
        <test-method status="PASS" signature="setUp()[pri:0, instance:com.zoho.qa.testcases.HomePageTest@5700d6b1]" name="setUp" is-config="true" duration-ms="6952" started-at="2018-03-26T15:01:46Z" finished-at="2018-03-26T15:01:53Z">
          <reporter-output>
          </reporter-output>
        </test-method> <!-- setUp -->
        <test-method status="PASS" signature="verifyUserNameTest()[pri:2, instance:com.zoho.qa.testcases.HomePageTest@5700d6b1]" name="verifyUserNameTest" duration-ms="17935" started-at="2018-03-26T15:01:53Z" finished-at="2018-03-26T15:02:11Z">
          <reporter-output>
          </reporter-output>
        </test-method> <!-- verifyUserNameTest -->
        <test-method status="PASS" signature="tearDown()[pri:0, instance:com.zoho.qa.testcases.HomePageTest@5700d6b1]" name="tearDown" is-config="true" duration-ms="2070" started-at="2018-03-26T15:02:11Z" finished-at="2018-03-26T15:02:13Z">
          <reporter-output>
          </reporter-output>
        </test-method> <!-- tearDown -->
        <test-method status="PASS" signature="setUp()[pri:0, instance:com.zoho.qa.testcases.HomePageTest@5700d6b1]" name="setUp" is-config="true" duration-ms="6921" started-at="2018-03-26T15:02:58Z" finished-at="2018-03-26T15:03:05Z">
          <reporter-output>
          </reporter-output>
        </test-method> <!-- setUp -->
        <test-method status="PASS" signature="verifyLeadsLinkTest()[pri:3, instance:com.zoho.qa.testcases.HomePageTest@5700d6b1]" name="verifyLeadsLinkTest" duration-ms="17899" started-at="2018-03-26T15:03:05Z" finished-at="2018-03-26T15:03:23Z">
          <reporter-output>
          </reporter-output>
        </test-method> <!-- verifyLeadsLinkTest -->
        <test-method status="PASS" signature="tearDown()[pri:0, instance:com.zoho.qa.testcases.HomePageTest@5700d6b1]" name="tearDown" is-config="true" duration-ms="2070" started-at="2018-03-26T15:03:23Z" finished-at="2018-03-26T15:03:25Z">
          <reporter-output>
          </reporter-output>
        </test-method> <!-- tearDown -->
      </class> <!-- com.zoho.qa.testcases.HomePageTest -->
      <class name="com.zoho.qa.testcases.LoginPageTest">
        <test-method status="PASS" signature="setUp()[pri:0, instance:com.zoho.qa.testcases.LoginPageTest@1ce92674]" name="setUp" is-config="true" duration-ms="10250" started-at="2018-03-26T15:00:34Z" finished-at="2018-03-26T15:00:44Z">
          <reporter-output>
          </reporter-output>
        </test-method> <!-- setUp -->
        <test-method status="PASS" signature="verifyTitlePageTest()[pri:1, instance:com.zoho.qa.testcases.LoginPageTest@1ce92674]" name="verifyTitlePageTest" duration-ms="13" started-at="2018-03-26T15:00:44Z" finished-at="2018-03-26T15:00:44Z">
          <reporter-output>
          </reporter-output>
        </test-method> <!-- verifyTitlePageTest -->
        <test-method status="PASS" signature="tearDown()[pri:0, instance:com.zoho.qa.testcases.LoginPageTest@1ce92674]" name="tearDown" is-config="true" duration-ms="70" started-at="2018-03-26T15:00:44Z" finished-at="2018-03-26T15:00:44Z">
          <reporter-output>
          </reporter-output>
        </test-method> <!-- tearDown -->
        <test-method status="PASS" signature="setUp()[pri:0, instance:com.zoho.qa.testcases.LoginPageTest@1ce92674]" name="setUp" is-config="true" duration-ms="6913" started-at="2018-03-26T15:01:39Z" finished-at="2018-03-26T15:01:46Z">
          <reporter-output>
          </reporter-output>
        </test-method> <!-- setUp -->
        <test-method status="PASS" signature="validateLogoTest()[pri:2, instance:com.zoho.qa.testcases.LoginPageTest@1ce92674]" name="validateLogoTest" duration-ms="42" started-at="2018-03-26T15:01:46Z" finished-at="2018-03-26T15:01:46Z">
          <reporter-output>
          </reporter-output>
        </test-method> <!-- validateLogoTest -->
        <test-method status="PASS" signature="tearDown()[pri:0, instance:com.zoho.qa.testcases.LoginPageTest@1ce92674]" name="tearDown" is-config="true" duration-ms="66" started-at="2018-03-26T15:01:46Z" finished-at="2018-03-26T15:01:46Z">
          <reporter-output>
          </reporter-output>
        </test-method> <!-- tearDown -->
        <test-method status="PASS" signature="setUp()[pri:0, instance:com.zoho.qa.testcases.LoginPageTest@1ce92674]" name="setUp" is-config="true" duration-ms="6553" started-at="2018-03-26T15:02:43Z" finished-at="2018-03-26T15:02:50Z">
          <reporter-output>
          </reporter-output>
        </test-method> <!-- setUp -->
        <test-method status="PASS" signature="verifySignUpLinkTest()[pri:3, instance:com.zoho.qa.testcases.LoginPageTest@1ce92674]" name="verifySignUpLinkTest" duration-ms="7991" started-at="2018-03-26T15:02:50Z" finished-at="2018-03-26T15:02:58Z">
          <reporter-output>
          </reporter-output>
        </test-method> <!-- verifySignUpLinkTest -->
        <test-method status="PASS" signature="tearDown()[pri:0, instance:com.zoho.qa.testcases.LoginPageTest@1ce92674]" name="tearDown" is-config="true" duration-ms="68" started-at="2018-03-26T15:02:58Z" finished-at="2018-03-26T15:02:58Z">
          <reporter-output>
          </reporter-output>
        </test-method> <!-- tearDown -->
        <test-method status="PASS" signature="setUp()[pri:0, instance:com.zoho.qa.testcases.LoginPageTest@1ce92674]" name="setUp" is-config="true" duration-ms="7387" started-at="2018-03-26T15:03:25Z" finished-at="2018-03-26T15:03:32Z">
          <reporter-output>
          </reporter-output>
        </test-method> <!-- setUp -->
        <test-method status="FAIL" signature="verifyFgtPwdTest()[pri:4, instance:com.zoho.qa.testcases.LoginPageTest@1ce92674]" name="verifyFgtPwdTest" duration-ms="32154" started-at="2018-03-26T15:03:32Z" finished-at="2018-03-26T15:04:04Z">
          <exception class="org.openqa.selenium.NoSuchElementException">
            <message>
              <![CDATA[no such element: Unable to locate element: {"method":"xpath","selector":"//div[@class='forgotpasslink ' and  text()='Forgot Password?']"}
  (Session info: chrome=63.0.3239.132)
  (Driver info: chromedriver=2.35.528139 (47ead77cb35ad2a9a83248b292151462a66cd881),platform=Linux 3.13.0-110-generic x86_64) (WARNING: The server did not provide any stacktrace information)
Command duration or timeout: 0 milliseconds
For documentation on this error, please visit: http://seleniumhq.org/exceptions/no_such_element.html
Build info: version: '3.5.3', revision: 'a88d25fe6b', time: '2017-08-29T12:42:44.417Z'
System info: host: 'Unknown', ip: 'Unknown', os.name: 'Linux', os.arch: 'amd64', os.version: '3.13.0-110-generic', java.version: '1.8.0_121'
Driver info: org.openqa.selenium.chrome.ChromeDriver
Capabilities [{mobileEmulationEnabled=false, hasTouchScreen=false, platform=LINUX, acceptSslCerts=false, acceptInsecureCerts=false, webStorageEnabled=true, browserName=chrome, takesScreenshot=true, javascriptEnabled=true, platformName=LINUX, setWindowRect=true, unexpectedAlertBehaviour=, applicationCacheEnabled=false, rotatable=false, networkConnectionEnabled=false, chrome={chromedriverVersion=2.35.528139 (47ead77cb35ad2a9a83248b292151462a66cd881), userDataDir=/tmp/.org.chromium.Chromium.kCtZbm}, takesHeapSnapshot=true, pageLoadStrategy=normal, unhandledPromptBehavior=, databaseEnabled=false, handlesAlerts=true, version=63.0.3239.132, browserConnectionEnabled=false, nativeEvents=true, locationContextEnabled=true, cssSelectorsEnabled=true}]
Session ID: fdcae8131b9f77ca327745ec9695bf36
*** Element info: {Using=xpath, value=//div[@class='forgotpasslink ' and  text()='Forgot Password?']}]]>
            </message>
            <full-stacktrace>
              <![CDATA[org.openqa.selenium.NoSuchElementException: no such element: Unable to locate element: {"method":"xpath","selector":"//div[@class='forgotpasslink ' and  text()='Forgot Password?']"}
  (Session info: chrome=63.0.3239.132)
  (Driver info: chromedriver=2.35.528139 (47ead77cb35ad2a9a83248b292151462a66cd881),platform=Linux 3.13.0-110-generic x86_64) (WARNING: The server did not provide any stacktrace information)
Command duration or timeout: 0 milliseconds
For documentation on this error, please visit: http://seleniumhq.org/exceptions/no_such_element.html
Build info: version: '3.5.3', revision: 'a88d25fe6b', time: '2017-08-29T12:42:44.417Z'
System info: host: 'Unknown', ip: 'Unknown', os.name: 'Linux', os.arch: 'amd64', os.version: '3.13.0-110-generic', java.version: '1.8.0_121'
Driver info: org.openqa.selenium.chrome.ChromeDriver
Capabilities [{mobileEmulationEnabled=false, hasTouchScreen=false, platform=LINUX, acceptSslCerts=false, acceptInsecureCerts=false, webStorageEnabled=true, browserName=chrome, takesScreenshot=true, javascriptEnabled=true, platformName=LINUX, setWindowRect=true, unexpectedAlertBehaviour=, applicationCacheEnabled=false, rotatable=false, networkConnectionEnabled=false, chrome={chromedriverVersion=2.35.528139 (47ead77cb35ad2a9a83248b292151462a66cd881), userDataDir=/tmp/.org.chromium.Chromium.kCtZbm}, takesHeapSnapshot=true, pageLoadStrategy=normal, unhandledPromptBehavior=, databaseEnabled=false, handlesAlerts=true, version=63.0.3239.132, browserConnectionEnabled=false, nativeEvents=true, locationContextEnabled=true, cssSelectorsEnabled=true}]
Session ID: fdcae8131b9f77ca327745ec9695bf36
*** Element info: {Using=xpath, value=//div[@class='forgotpasslink ' and  text()='Forgot Password?']}
	at sun.reflect.NativeConstructorAccessorImpl.newInstance0(Native Method)
	at sun.reflect.NativeConstructorAccessorImpl.newInstance(NativeConstructorAccessorImpl.java:62)
	at sun.reflect.DelegatingConstructorAccessorImpl.newInstance(DelegatingConstructorAccessorImpl.java:45)
	at java.lang.reflect.Constructor.newInstance(Constructor.java:423)
	at org.openqa.selenium.remote.ErrorHandler.createThrowable(ErrorHandler.java:215)
	at org.openqa.selenium.remote.ErrorHandler.throwIfResponseFailed(ErrorHandler.java:167)
	at org.openqa.selenium.remote.http.JsonHttpResponseCodec.reconstructValue(JsonHttpResponseCodec.java:40)
	at org.openqa.selenium.remote.http.AbstractHttpResponseCodec.decode(AbstractHttpResponseCodec.java:82)
	at org.openqa.selenium.remote.http.AbstractHttpResponseCodec.decode(AbstractHttpResponseCodec.java:45)
	at org.openqa.selenium.remote.HttpCommandExecutor.execute(HttpCommandExecutor.java:164)
	at org.openqa.selenium.remote.service.DriverCommandExecutor.execute(DriverCommandExecutor.java:82)
	at org.openqa.selenium.remote.RemoteWebDriver.execute(RemoteWebDriver.java:646)
	at org.openqa.selenium.remote.RemoteWebDriver.findElement(RemoteWebDriver.java:416)
	at org.openqa.selenium.remote.RemoteWebDriver.findElementByXPath(RemoteWebDriver.java:518)
	at org.openqa.selenium.By$ByXPath.findElement(By.java:361)
	at org.openqa.selenium.remote.RemoteWebDriver.findElement(RemoteWebDriver.java:408)
	at sun.reflect.GeneratedMethodAccessor3.invoke(Unknown Source)
	at sun.reflect.DelegatingMethodAccessorImpl.invoke(DelegatingMethodAccessorImpl.java:43)
	at java.lang.reflect.Method.invoke(Method.java:498)
	at org.openqa.selenium.support.events.EventFiringWebDriver$2.invoke(EventFiringWebDriver.java:105)
	at com.sun.proxy.$Proxy8.findElement(Unknown Source)
	at org.openqa.selenium.support.events.EventFiringWebDriver.findElement(EventFiringWebDriver.java:189)
	at org.openqa.selenium.support.pagefactory.DefaultElementLocator.findElement(DefaultElementLocator.java:69)
	at org.openqa.selenium.support.pagefactory.internal.LocatingElementHandler.invoke(LocatingElementHandler.java:38)
	at com.sun.proxy.$Proxy12.click(Unknown Source)
	at com.zoho.qa.pages.LoginPage.verifyFgtPwd(LoginPage.java:61)
	at com.zoho.qa.testcases.LoginPageTest.verifyFgtPwdTest(LoginPageTest.java:54)
	at sun.reflect.NativeMethodAccessorImpl.invoke0(Native Method)
	at sun.reflect.NativeMethodAccessorImpl.invoke(NativeMethodAccessorImpl.java:62)
	at sun.reflect.DelegatingMethodAccessorImpl.invoke(DelegatingMethodAccessorImpl.java:43)
	at java.lang.reflect.Method.invoke(Method.java:498)
	at org.testng.internal.MethodInvocationHelper.invokeMethod(MethodInvocationHelper.java:108)
	at org.testng.internal.Invoker.invokeMethod(Invoker.java:661)
	at org.testng.internal.Invoker.invokeTestMethod(Invoker.java:869)
	at org.testng.internal.Invoker.invokeTestMethods(Invoker.java:1193)
	at org.testng.internal.TestMethodWorker.invokeTestMethods(TestMethodWorker.java:126)
	at org.testng.internal.TestMethodWorker.run(TestMethodWorker.java:109)
	at org.testng.TestRunner.privateRun(TestRunner.java:744)
	at org.testng.TestRunner.run(TestRunner.java:602)
	at org.testng.SuiteRunner.runTest(SuiteRunner.java:380)
	at org.testng.SuiteRunner.runSequentially(SuiteRunner.java:375)
	at org.testng.SuiteRunner.privateRun(SuiteRunner.java:340)
	at org.testng.SuiteRunner.run(SuiteRunner.java:289)
	at org.testng.SuiteRunnerWorker.runSuite(SuiteRunnerWorker.java:52)
	at org.testng.SuiteRunnerWorker.run(SuiteRunnerWorker.java:86)
	at org.testng.TestNG.runSuitesSequentially(TestNG.java:1301)
	at org.testng.TestNG.runSuitesLocally(TestNG.java:1226)
	at org.testng.TestNG.runSuites(TestNG.java:1144)
	at org.testng.TestNG.run(TestNG.java:1115)
	at org.testng.remote.AbstractRemoteTestNG.run(AbstractRemoteTestNG.java:114)
	at org.testng.remote.RemoteTestNG.initAndRun(RemoteTestNG.java:251)
	at org.testng.remote.RemoteTestNG.main(RemoteTestNG.java:77)
]]>
            </full-stacktrace>
          </exception> <!-- org.openqa.selenium.NoSuchElementException -->
          <reporter-output>
          </reporter-output>
        </test-method> <!-- verifyFgtPwdTest -->
        <test-method status="PASS" signature="tearDown()[pri:0, instance:com.zoho.qa.testcases.LoginPageTest@1ce92674]" name="tearDown" is-config="true" duration-ms="65" started-at="2018-03-26T15:04:04Z" finished-at="2018-03-26T15:04:04Z">
          <reporter-output>
          </reporter-output>
        </test-method> <!-- tearDown -->
        <test-method status="PASS" signature="setUp()[pri:0, instance:com.zoho.qa.testcases.LoginPageTest@1ce92674]" name="setUp" is-config="true" duration-ms="7097" started-at="2018-03-26T15:04:04Z" finished-at="2018-03-26T15:04:12Z">
          <reporter-output>
          </reporter-output>
        </test-method> <!-- setUp -->
        <test-method status="PASS" signature="keepMeSignedInCheckBoxTest()[pri:5, instance:com.zoho.qa.testcases.LoginPageTest@1ce92674]" name="keepMeSignedInCheckBoxTest" duration-ms="72" started-at="2018-03-26T15:04:12Z" finished-at="2018-03-26T15:04:12Z">
          <reporter-output>
          </reporter-output>
        </test-method> <!-- keepMeSignedInCheckBoxTest -->
        <test-method status="PASS" signature="tearDown()[pri:0, instance:com.zoho.qa.testcases.LoginPageTest@1ce92674]" name="tearDown" is-config="true" duration-ms="70" started-at="2018-03-26T15:04:12Z" finished-at="2018-03-26T15:04:12Z">
          <reporter-output>
          </reporter-output>
        </test-method> <!-- tearDown -->
        <test-method status="PASS" signature="setUp()[pri:0, instance:com.zoho.qa.testcases.LoginPageTest@1ce92674]" name="setUp" is-config="true" duration-ms="6937" started-at="2018-03-26T15:04:12Z" finished-at="2018-03-26T15:04:19Z">
          <reporter-output>
          </reporter-output>
        </test-method> <!-- setUp -->
        <test-method status="PASS" signature="login()[pri:6, instance:com.zoho.qa.testcases.LoginPageTest@1ce92674]" name="login" duration-ms="260" started-at="2018-03-26T15:04:19Z" finished-at="2018-03-26T15:04:19Z">
          <reporter-output>
          </reporter-output>
        </test-method> <!-- login -->
        <test-method status="PASS" signature="tearDown()[pri:0, instance:com.zoho.qa.testcases.LoginPageTest@1ce92674]" name="tearDown" is-config="true" duration-ms="65" started-at="2018-03-26T15:04:19Z" finished-at="2018-03-26T15:04:19Z">
          <reporter-output>
          </reporter-output>
        </test-method> <!-- tearDown -->
      </class> <!-- com.zoho.qa.testcases.LoginPageTest -->
    </test> <!-- ZOHO CRM App Test Cases -->
  </suite> <!-- ZOHO CRM Application Test Automation Test Suite -->
</testng-results>
